{"/Users/kehindeomotoso/BYU Idaho/CSE341/digital-recipe-box/controllers/cookbookController.js": {"path":"/Users/kehindeomotoso/BYU Idaho/CSE341/digital-recipe-box/controllers/cookbookController.js","statementMap":{"0":{"start":{"line":1,"column":11},"end":{"line":1,"column":31}},"1":{"start":{"line":4,"column":23},"end":{"line":38,"column":1}},"2":{"start":{"line":5,"column":2},"end":{"line":37,"column":3}},"3":{"start":{"line":6,"column":25},"end":{"line":9,"column":5}},"4":{"start":{"line":11,"column":21},"end":{"line":11,"column":51}},"5":{"start":{"line":12,"column":26},"end":{"line":12,"column":47}},"6":{"start":{"line":15,"column":30},"end":{"line":17,"column":58}},"7":{"start":{"line":19,"column":4},"end":{"line":22,"column":7}},"8":{"start":{"line":24,"column":4},"end":{"line":24,"column":53}},"9":{"start":{"line":26,"column":4},"end":{"line":31,"column":5}},"10":{"start":{"line":27,"column":6},"end":{"line":30,"column":9}},"11":{"start":{"line":29,"column":56},"end":{"line":29,"column":67}},"12":{"start":{"line":33,"column":4},"end":{"line":36,"column":7}},"13":{"start":{"line":41,"column":25},"end":{"line":60,"column":1}},"14":{"start":{"line":42,"column":2},"end":{"line":59,"column":3}},"15":{"start":{"line":43,"column":22},"end":{"line":46,"column":30}},"16":{"start":{"line":48,"column":4},"end":{"line":52,"column":7}},"17":{"start":{"line":54,"column":4},"end":{"line":54,"column":59}},"18":{"start":{"line":55,"column":4},"end":{"line":58,"column":7}},"19":{"start":{"line":63,"column":24},"end":{"line":91,"column":1}},"20":{"start":{"line":64,"column":2},"end":{"line":90,"column":3}},"21":{"start":{"line":65,"column":21},"end":{"line":67,"column":68}},"22":{"start":{"line":69,"column":4},"end":{"line":73,"column":5}},"23":{"start":{"line":70,"column":6},"end":{"line":72,"column":9}},"24":{"start":{"line":77,"column":20},"end":{"line":77,"column":91}},"25":{"start":{"line":79,"column":4},"end":{"line":83,"column":7}},"26":{"start":{"line":85,"column":4},"end":{"line":85,"column":53}},"27":{"start":{"line":86,"column":4},"end":{"line":89,"column":7}},"28":{"start":{"line":93,"column":23},"end":{"line":125,"column":1}},"29":{"start":{"line":94,"column":2},"end":{"line":123,"column":3}},"30":{"start":{"line":95,"column":19},"end":{"line":95,"column":29}},"31":{"start":{"line":96,"column":23},"end":{"line":96,"column":31}},"32":{"start":{"line":99,"column":21},"end":{"line":99,"column":52}},"33":{"start":{"line":100,"column":4},"end":{"line":102,"column":5}},"34":{"start":{"line":101,"column":6},"end":{"line":101,"column":67}},"35":{"start":{"line":104,"column":4},"end":{"line":106,"column":5}},"36":{"start":{"line":105,"column":6},"end":{"line":105,"column":103}},"37":{"start":{"line":109,"column":28},"end":{"line":111,"column":58}},"38":{"start":{"line":113,"column":4},"end":{"line":116,"column":7}},"39":{"start":{"line":118,"column":4},"end":{"line":118,"column":53}},"40":{"start":{"line":119,"column":4},"end":{"line":122,"column":7}},"41":{"start":{"line":127,"column":23},"end":{"line":154,"column":1}},"42":{"start":{"line":128,"column":2},"end":{"line":153,"column":3}},"43":{"start":{"line":129,"column":19},"end":{"line":129,"column":29}},"44":{"start":{"line":132,"column":21},"end":{"line":132,"column":52}},"45":{"start":{"line":133,"column":4},"end":{"line":135,"column":5}},"46":{"start":{"line":134,"column":6},"end":{"line":134,"column":67}},"47":{"start":{"line":137,"column":4},"end":{"line":139,"column":5}},"48":{"start":{"line":138,"column":6},"end":{"line":138,"column":103}},"49":{"start":{"line":142,"column":4},"end":{"line":142,"column":45}},"50":{"start":{"line":144,"column":4},"end":{"line":146,"column":7}},"51":{"start":{"line":148,"column":4},"end":{"line":148,"column":53}},"52":{"start":{"line":149,"column":4},"end":{"line":152,"column":7}},"53":{"start":{"line":157,"column":0},"end":{"line":163,"column":2}}},"fnMap":{"0":{"name":"(anonymous_0)","decl":{"start":{"line":4,"column":23},"end":{"line":4,"column":24}},"loc":{"start":{"line":4,"column":43},"end":{"line":38,"column":1}},"line":4},"1":{"name":"(anonymous_1)","decl":{"start":{"line":29,"column":49},"end":{"line":29,"column":50}},"loc":{"start":{"line":29,"column":56},"end":{"line":29,"column":67}},"line":29},"2":{"name":"(anonymous_2)","decl":{"start":{"line":41,"column":25},"end":{"line":41,"column":26}},"loc":{"start":{"line":41,"column":45},"end":{"line":60,"column":1}},"line":41},"3":{"name":"(anonymous_3)","decl":{"start":{"line":63,"column":24},"end":{"line":63,"column":25}},"loc":{"start":{"line":63,"column":44},"end":{"line":91,"column":1}},"line":63},"4":{"name":"(anonymous_4)","decl":{"start":{"line":93,"column":23},"end":{"line":93,"column":24}},"loc":{"start":{"line":93,"column":43},"end":{"line":125,"column":1}},"line":93},"5":{"name":"(anonymous_5)","decl":{"start":{"line":127,"column":23},"end":{"line":127,"column":24}},"loc":{"start":{"line":127,"column":43},"end":{"line":154,"column":1}},"line":127}},"branchMap":{"0":{"loc":{"start":{"line":26,"column":4},"end":{"line":31,"column":5}},"type":"if","locations":[{"start":{"line":26,"column":4},"end":{"line":31,"column":5}},{"start":{},"end":{}}],"line":26},"1":{"loc":{"start":{"line":69,"column":4},"end":{"line":73,"column":5}},"type":"if","locations":[{"start":{"line":69,"column":4},"end":{"line":73,"column":5}},{"start":{},"end":{}}],"line":69},"2":{"loc":{"start":{"line":77,"column":20},"end":{"line":77,"column":91}},"type":"binary-expr","locations":[{"start":{"line":77,"column":20},"end":{"line":77,"column":28}},{"start":{"line":77,"column":32},"end":{"line":77,"column":91}}],"line":77},"3":{"loc":{"start":{"line":100,"column":4},"end":{"line":102,"column":5}},"type":"if","locations":[{"start":{"line":100,"column":4},"end":{"line":102,"column":5}},{"start":{},"end":{}}],"line":100},"4":{"loc":{"start":{"line":104,"column":4},"end":{"line":106,"column":5}},"type":"if","locations":[{"start":{"line":104,"column":4},"end":{"line":106,"column":5}},{"start":{},"end":{}}],"line":104},"5":{"loc":{"start":{"line":133,"column":4},"end":{"line":135,"column":5}},"type":"if","locations":[{"start":{"line":133,"column":4},"end":{"line":135,"column":5}},{"start":{},"end":{}}],"line":133},"6":{"loc":{"start":{"line":137,"column":4},"end":{"line":139,"column":5}},"type":"if","locations":[{"start":{"line":137,"column":4},"end":{"line":139,"column":5}},{"start":{},"end":{}}],"line":137}},"s":{"0":1,"1":1,"2":0,"3":0,"4":0,"5":0,"6":0,"7":0,"8":0,"9":0,"10":0,"11":0,"12":0,"13":1,"14":7,"15":7,"16":6,"17":1,"18":1,"19":1,"20":9,"21":9,"22":7,"23":1,"24":6,"25":6,"26":2,"27":2,"28":1,"29":0,"30":0,"31":0,"32":0,"33":0,"34":0,"35":0,"36":0,"37":0,"38":0,"39":0,"40":0,"41":1,"42":0,"43":0,"44":0,"45":0,"46":0,"47":0,"48":0,"49":0,"50":0,"51":0,"52":0,"53":1},"f":{"0":0,"1":0,"2":7,"3":9,"4":0,"5":0},"b":{"0":[0,0],"1":[1,6],"2":[6,6],"3":[0,0],"4":[0,0],"5":[0,0],"6":[0,0]},"_coverageSchema":"1a1c01bbd47fc00a2c39e90264f33305004495a9","hash":"dbba8f4dcdad75d71aa5cde22038db2d55c83c5e"}
,"/Users/kehindeomotoso/BYU Idaho/CSE341/digital-recipe-box/controllers/recipeController.js": {"path":"/Users/kehindeomotoso/BYU Idaho/CSE341/digital-recipe-box/controllers/recipeController.js","statementMap":{"0":{"start":{"line":1,"column":11},"end":{"line":1,"column":31}},"1":{"start":{"line":4,"column":21},"end":{"line":37,"column":1}},"2":{"start":{"line":5,"column":2},"end":{"line":36,"column":3}},"3":{"start":{"line":6,"column":23},"end":{"line":9,"column":5}},"4":{"start":{"line":11,"column":19},"end":{"line":11,"column":45}},"5":{"start":{"line":12,"column":24},"end":{"line":12,"column":43}},"6":{"start":{"line":15,"column":28},"end":{"line":16,"column":62}},"7":{"start":{"line":18,"column":4},"end":{"line":21,"column":7}},"8":{"start":{"line":23,"column":4},"end":{"line":23,"column":51}},"9":{"start":{"line":25,"column":4},"end":{"line":30,"column":5}},"10":{"start":{"line":26,"column":6},"end":{"line":29,"column":9}},"11":{"start":{"line":28,"column":56},"end":{"line":28,"column":67}},"12":{"start":{"line":32,"column":4},"end":{"line":35,"column":7}},"13":{"start":{"line":40,"column":25},"end":{"line":58,"column":1}},"14":{"start":{"line":41,"column":2},"end":{"line":57,"column":3}},"15":{"start":{"line":42,"column":20},"end":{"line":44,"column":30}},"16":{"start":{"line":46,"column":4},"end":{"line":50,"column":7}},"17":{"start":{"line":52,"column":4},"end":{"line":52,"column":59}},"18":{"start":{"line":53,"column":4},"end":{"line":56,"column":7}},"19":{"start":{"line":61,"column":22},"end":{"line":90,"column":1}},"20":{"start":{"line":62,"column":2},"end":{"line":89,"column":3}},"21":{"start":{"line":63,"column":19},"end":{"line":64,"column":62}},"22":{"start":{"line":66,"column":4},"end":{"line":70,"column":5}},"23":{"start":{"line":67,"column":6},"end":{"line":69,"column":9}},"24":{"start":{"line":73,"column":4},"end":{"line":77,"column":5}},"25":{"start":{"line":74,"column":6},"end":{"line":76,"column":9}},"26":{"start":{"line":79,"column":4},"end":{"line":82,"column":7}},"27":{"start":{"line":84,"column":4},"end":{"line":84,"column":51}},"28":{"start":{"line":85,"column":4},"end":{"line":88,"column":7}},"29":{"start":{"line":93,"column":21},"end":{"line":136,"column":1}},"30":{"start":{"line":94,"column":2},"end":{"line":135,"column":3}},"31":{"start":{"line":95,"column":19},"end":{"line":95,"column":59}},"32":{"start":{"line":97,"column":4},"end":{"line":101,"column":5}},"33":{"start":{"line":98,"column":6},"end":{"line":100,"column":9}},"34":{"start":{"line":104,"column":4},"end":{"line":108,"column":5}},"35":{"start":{"line":105,"column":6},"end":{"line":107,"column":9}},"36":{"start":{"line":111,"column":26},"end":{"line":115,"column":61}},"37":{"start":{"line":117,"column":4},"end":{"line":120,"column":7}},"38":{"start":{"line":122,"column":4},"end":{"line":122,"column":51}},"39":{"start":{"line":124,"column":4},"end":{"line":129,"column":5}},"40":{"start":{"line":125,"column":6},"end":{"line":128,"column":9}},"41":{"start":{"line":127,"column":56},"end":{"line":127,"column":67}},"42":{"start":{"line":131,"column":4},"end":{"line":134,"column":7}},"43":{"start":{"line":139,"column":21},"end":{"line":173,"column":1}},"44":{"start":{"line":140,"column":2},"end":{"line":172,"column":3}},"45":{"start":{"line":141,"column":19},"end":{"line":141,"column":59}},"46":{"start":{"line":143,"column":4},"end":{"line":147,"column":5}},"47":{"start":{"line":144,"column":6},"end":{"line":146,"column":9}},"48":{"start":{"line":150,"column":4},"end":{"line":154,"column":5}},"49":{"start":{"line":151,"column":6},"end":{"line":153,"column":9}},"50":{"start":{"line":157,"column":4},"end":{"line":157,"column":61}},"51":{"start":{"line":160,"column":4},"end":{"line":160,"column":54}},"52":{"start":{"line":162,"column":4},"end":{"line":165,"column":7}},"53":{"start":{"line":167,"column":4},"end":{"line":167,"column":51}},"54":{"start":{"line":168,"column":4},"end":{"line":171,"column":7}},"55":{"start":{"line":176,"column":23},"end":{"line":196,"column":1}},"56":{"start":{"line":177,"column":2},"end":{"line":195,"column":3}},"57":{"start":{"line":179,"column":19},"end":{"line":179,"column":62}},"58":{"start":{"line":180,"column":20},"end":{"line":182,"column":30}},"59":{"start":{"line":184,"column":4},"end":{"line":188,"column":7}},"60":{"start":{"line":190,"column":4},"end":{"line":190,"column":57}},"61":{"start":{"line":191,"column":4},"end":{"line":194,"column":7}},"62":{"start":{"line":198,"column":0},"end":{"line":205,"column":2}}},"fnMap":{"0":{"name":"(anonymous_0)","decl":{"start":{"line":4,"column":21},"end":{"line":4,"column":22}},"loc":{"start":{"line":4,"column":41},"end":{"line":37,"column":1}},"line":4},"1":{"name":"(anonymous_1)","decl":{"start":{"line":28,"column":49},"end":{"line":28,"column":50}},"loc":{"start":{"line":28,"column":56},"end":{"line":28,"column":67}},"line":28},"2":{"name":"(anonymous_2)","decl":{"start":{"line":40,"column":25},"end":{"line":40,"column":26}},"loc":{"start":{"line":40,"column":45},"end":{"line":58,"column":1}},"line":40},"3":{"name":"(anonymous_3)","decl":{"start":{"line":61,"column":22},"end":{"line":61,"column":23}},"loc":{"start":{"line":61,"column":42},"end":{"line":90,"column":1}},"line":61},"4":{"name":"(anonymous_4)","decl":{"start":{"line":93,"column":21},"end":{"line":93,"column":22}},"loc":{"start":{"line":93,"column":41},"end":{"line":136,"column":1}},"line":93},"5":{"name":"(anonymous_5)","decl":{"start":{"line":127,"column":49},"end":{"line":127,"column":50}},"loc":{"start":{"line":127,"column":56},"end":{"line":127,"column":67}},"line":127},"6":{"name":"(anonymous_6)","decl":{"start":{"line":139,"column":21},"end":{"line":139,"column":22}},"loc":{"start":{"line":139,"column":41},"end":{"line":173,"column":1}},"line":139},"7":{"name":"(anonymous_7)","decl":{"start":{"line":176,"column":23},"end":{"line":176,"column":24}},"loc":{"start":{"line":176,"column":43},"end":{"line":196,"column":1}},"line":176}},"branchMap":{"0":{"loc":{"start":{"line":8,"column":17},"end":{"line":8,"column":60}},"type":"binary-expr","locations":[{"start":{"line":8,"column":17},"end":{"line":8,"column":30}},{"start":{"line":8,"column":34},"end":{"line":8,"column":60}}],"line":8},"1":{"loc":{"start":{"line":25,"column":4},"end":{"line":30,"column":5}},"type":"if","locations":[{"start":{"line":25,"column":4},"end":{"line":30,"column":5}},{"start":{},"end":{}}],"line":25},"2":{"loc":{"start":{"line":66,"column":4},"end":{"line":70,"column":5}},"type":"if","locations":[{"start":{"line":66,"column":4},"end":{"line":70,"column":5}},{"start":{},"end":{}}],"line":66},"3":{"loc":{"start":{"line":73,"column":4},"end":{"line":77,"column":5}},"type":"if","locations":[{"start":{"line":73,"column":4},"end":{"line":77,"column":5}},{"start":{},"end":{}}],"line":73},"4":{"loc":{"start":{"line":73,"column":8},"end":{"line":73,"column":99}},"type":"binary-expr","locations":[{"start":{"line":73,"column":8},"end":{"line":73,"column":24}},{"start":{"line":73,"column":28},"end":{"line":73,"column":36}},{"start":{"line":73,"column":40},"end":{"line":73,"column":99}}],"line":73},"5":{"loc":{"start":{"line":97,"column":4},"end":{"line":101,"column":5}},"type":"if","locations":[{"start":{"line":97,"column":4},"end":{"line":101,"column":5}},{"start":{},"end":{}}],"line":97},"6":{"loc":{"start":{"line":104,"column":4},"end":{"line":108,"column":5}},"type":"if","locations":[{"start":{"line":104,"column":4},"end":{"line":108,"column":5}},{"start":{},"end":{}}],"line":104},"7":{"loc":{"start":{"line":104,"column":8},"end":{"line":104,"column":75}},"type":"binary-expr","locations":[{"start":{"line":104,"column":8},"end":{"line":104,"column":16}},{"start":{"line":104,"column":20},"end":{"line":104,"column":75}}],"line":104},"8":{"loc":{"start":{"line":124,"column":4},"end":{"line":129,"column":5}},"type":"if","locations":[{"start":{"line":124,"column":4},"end":{"line":129,"column":5}},{"start":{},"end":{}}],"line":124},"9":{"loc":{"start":{"line":143,"column":4},"end":{"line":147,"column":5}},"type":"if","locations":[{"start":{"line":143,"column":4},"end":{"line":147,"column":5}},{"start":{},"end":{}}],"line":143},"10":{"loc":{"start":{"line":150,"column":4},"end":{"line":154,"column":5}},"type":"if","locations":[{"start":{"line":150,"column":4},"end":{"line":154,"column":5}},{"start":{},"end":{}}],"line":150},"11":{"loc":{"start":{"line":150,"column":8},"end":{"line":150,"column":75}},"type":"binary-expr","locations":[{"start":{"line":150,"column":8},"end":{"line":150,"column":16}},{"start":{"line":150,"column":20},"end":{"line":150,"column":75}}],"line":150},"12":{"loc":{"start":{"line":179,"column":19},"end":{"line":179,"column":62}},"type":"binary-expr","locations":[{"start":{"line":179,"column":19},"end":{"line":179,"column":32}},{"start":{"line":179,"column":36},"end":{"line":179,"column":62}}],"line":179}},"s":{"0":1,"1":1,"2":0,"3":0,"4":0,"5":0,"6":0,"7":0,"8":0,"9":0,"10":0,"11":0,"12":0,"13":1,"14":5,"15":5,"16":4,"17":1,"18":1,"19":1,"20":6,"21":6,"22":4,"23":1,"24":3,"25":0,"26":3,"27":2,"28":2,"29":1,"30":0,"31":0,"32":0,"33":0,"34":0,"35":0,"36":0,"37":0,"38":0,"39":0,"40":0,"41":0,"42":0,"43":1,"44":0,"45":0,"46":0,"47":0,"48":0,"49":0,"50":0,"51":0,"52":0,"53":0,"54":0,"55":1,"56":5,"57":5,"58":5,"59":4,"60":1,"61":1,"62":1},"f":{"0":0,"1":0,"2":5,"3":6,"4":0,"5":0,"6":0,"7":5},"b":{"0":[0,0],"1":[0,0],"2":[1,3],"3":[0,3],"4":[3,1,0],"5":[0,0],"6":[0,0],"7":[0,0],"8":[0,0],"9":[0,0],"10":[0,0],"11":[0,0],"12":[5,0]},"_coverageSchema":"1a1c01bbd47fc00a2c39e90264f33305004495a9","hash":"1787425d78087fbfc284ef02e4fe0e929dfa013a"}
,"/Users/kehindeomotoso/BYU Idaho/CSE341/digital-recipe-box/controllers/reviewController.js": {"path":"/Users/kehindeomotoso/BYU Idaho/CSE341/digital-recipe-box/controllers/reviewController.js","statementMap":{"0":{"start":{"line":1,"column":11},"end":{"line":1,"column":31}},"1":{"start":{"line":4,"column":21},"end":{"line":68,"column":1}},"2":{"start":{"line":5,"column":2},"end":{"line":67,"column":3}},"3":{"start":{"line":7,"column":19},"end":{"line":7,"column":65}},"4":{"start":{"line":9,"column":4},"end":{"line":13,"column":5}},"5":{"start":{"line":10,"column":6},"end":{"line":12,"column":9}},"6":{"start":{"line":16,"column":4},"end":{"line":20,"column":5}},"7":{"start":{"line":17,"column":6},"end":{"line":19,"column":9}},"8":{"start":{"line":23,"column":19},"end":{"line":23,"column":62}},"9":{"start":{"line":24,"column":27},"end":{"line":27,"column":6}},"10":{"start":{"line":29,"column":4},"end":{"line":33,"column":5}},"11":{"start":{"line":30,"column":6},"end":{"line":32,"column":9}},"12":{"start":{"line":35,"column":23},"end":{"line":39,"column":5}},"13":{"start":{"line":41,"column":19},"end":{"line":41,"column":45}},"14":{"start":{"line":42,"column":24},"end":{"line":42,"column":43}},"15":{"start":{"line":45,"column":28},"end":{"line":47,"column":48}},"16":{"start":{"line":49,"column":4},"end":{"line":52,"column":7}},"17":{"start":{"line":54,"column":4},"end":{"line":54,"column":51}},"18":{"start":{"line":56,"column":4},"end":{"line":61,"column":5}},"19":{"start":{"line":57,"column":6},"end":{"line":60,"column":9}},"20":{"start":{"line":59,"column":56},"end":{"line":59,"column":67}},"21":{"start":{"line":63,"column":4},"end":{"line":66,"column":7}},"22":{"start":{"line":71,"column":29},"end":{"line":111,"column":1}},"23":{"start":{"line":72,"column":2},"end":{"line":110,"column":3}},"24":{"start":{"line":74,"column":19},"end":{"line":74,"column":65}},"25":{"start":{"line":76,"column":4},"end":{"line":80,"column":5}},"26":{"start":{"line":77,"column":6},"end":{"line":79,"column":9}},"27":{"start":{"line":83,"column":4},"end":{"line":87,"column":5}},"28":{"start":{"line":84,"column":6},"end":{"line":86,"column":9}},"29":{"start":{"line":89,"column":20},"end":{"line":91,"column":30}},"30":{"start":{"line":94,"column":24},"end":{"line":94,"column":79}},"31":{"start":{"line":94,"column":56},"end":{"line":94,"column":75}},"32":{"start":{"line":95,"column":26},"end":{"line":95,"column":92}},"33":{"start":{"line":97,"column":4},"end":{"line":103,"column":7}},"34":{"start":{"line":105,"column":4},"end":{"line":105,"column":52}},"35":{"start":{"line":106,"column":4},"end":{"line":109,"column":7}},"36":{"start":{"line":114,"column":22},"end":{"line":145,"column":1}},"37":{"start":{"line":115,"column":2},"end":{"line":144,"column":3}},"38":{"start":{"line":116,"column":19},"end":{"line":118,"column":48}},"39":{"start":{"line":120,"column":4},"end":{"line":124,"column":5}},"40":{"start":{"line":121,"column":6},"end":{"line":123,"column":9}},"41":{"start":{"line":127,"column":19},"end":{"line":127,"column":65}},"42":{"start":{"line":128,"column":4},"end":{"line":132,"column":5}},"43":{"start":{"line":129,"column":6},"end":{"line":131,"column":9}},"44":{"start":{"line":134,"column":4},"end":{"line":137,"column":7}},"45":{"start":{"line":139,"column":4},"end":{"line":139,"column":51}},"46":{"start":{"line":140,"column":4},"end":{"line":143,"column":7}},"47":{"start":{"line":148,"column":21},"end":{"line":192,"column":1}},"48":{"start":{"line":149,"column":2},"end":{"line":191,"column":3}},"49":{"start":{"line":150,"column":19},"end":{"line":150,"column":59}},"50":{"start":{"line":152,"column":4},"end":{"line":156,"column":5}},"51":{"start":{"line":153,"column":6},"end":{"line":155,"column":9}},"52":{"start":{"line":159,"column":4},"end":{"line":163,"column":5}},"53":{"start":{"line":160,"column":6},"end":{"line":162,"column":9}},"54":{"start":{"line":166,"column":26},"end":{"line":171,"column":47}},"55":{"start":{"line":173,"column":4},"end":{"line":176,"column":7}},"56":{"start":{"line":178,"column":4},"end":{"line":178,"column":51}},"57":{"start":{"line":180,"column":4},"end":{"line":185,"column":5}},"58":{"start":{"line":181,"column":6},"end":{"line":184,"column":9}},"59":{"start":{"line":183,"column":56},"end":{"line":183,"column":67}},"60":{"start":{"line":187,"column":4},"end":{"line":190,"column":7}},"61":{"start":{"line":195,"column":21},"end":{"line":226,"column":1}},"62":{"start":{"line":196,"column":2},"end":{"line":225,"column":3}},"63":{"start":{"line":197,"column":19},"end":{"line":197,"column":59}},"64":{"start":{"line":199,"column":4},"end":{"line":203,"column":5}},"65":{"start":{"line":200,"column":6},"end":{"line":202,"column":9}},"66":{"start":{"line":206,"column":4},"end":{"line":210,"column":5}},"67":{"start":{"line":207,"column":6},"end":{"line":209,"column":9}},"68":{"start":{"line":213,"column":4},"end":{"line":213,"column":54}},"69":{"start":{"line":215,"column":4},"end":{"line":218,"column":7}},"70":{"start":{"line":220,"column":4},"end":{"line":220,"column":51}},"71":{"start":{"line":221,"column":4},"end":{"line":224,"column":7}},"72":{"start":{"line":229,"column":23},"end":{"line":250,"column":1}},"73":{"start":{"line":230,"column":2},"end":{"line":249,"column":3}},"74":{"start":{"line":232,"column":19},"end":{"line":232,"column":62}},"75":{"start":{"line":233,"column":20},"end":{"line":236,"column":30}},"76":{"start":{"line":238,"column":4},"end":{"line":242,"column":7}},"77":{"start":{"line":244,"column":4},"end":{"line":244,"column":57}},"78":{"start":{"line":245,"column":4},"end":{"line":248,"column":7}},"79":{"start":{"line":252,"column":0},"end":{"line":259,"column":2}}},"fnMap":{"0":{"name":"(anonymous_0)","decl":{"start":{"line":4,"column":21},"end":{"line":4,"column":22}},"loc":{"start":{"line":4,"column":41},"end":{"line":68,"column":1}},"line":4},"1":{"name":"(anonymous_1)","decl":{"start":{"line":59,"column":49},"end":{"line":59,"column":50}},"loc":{"start":{"line":59,"column":56},"end":{"line":59,"column":67}},"line":59},"2":{"name":"(anonymous_2)","decl":{"start":{"line":71,"column":29},"end":{"line":71,"column":30}},"loc":{"start":{"line":71,"column":49},"end":{"line":111,"column":1}},"line":71},"3":{"name":"(anonymous_3)","decl":{"start":{"line":94,"column":39},"end":{"line":94,"column":40}},"loc":{"start":{"line":94,"column":56},"end":{"line":94,"column":75}},"line":94},"4":{"name":"(anonymous_4)","decl":{"start":{"line":114,"column":22},"end":{"line":114,"column":23}},"loc":{"start":{"line":114,"column":42},"end":{"line":145,"column":1}},"line":114},"5":{"name":"(anonymous_5)","decl":{"start":{"line":148,"column":21},"end":{"line":148,"column":22}},"loc":{"start":{"line":148,"column":41},"end":{"line":192,"column":1}},"line":148},"6":{"name":"(anonymous_6)","decl":{"start":{"line":183,"column":49},"end":{"line":183,"column":50}},"loc":{"start":{"line":183,"column":56},"end":{"line":183,"column":67}},"line":183},"7":{"name":"(anonymous_7)","decl":{"start":{"line":195,"column":21},"end":{"line":195,"column":22}},"loc":{"start":{"line":195,"column":41},"end":{"line":226,"column":1}},"line":195},"8":{"name":"(anonymous_8)","decl":{"start":{"line":229,"column":23},"end":{"line":229,"column":24}},"loc":{"start":{"line":229,"column":43},"end":{"line":250,"column":1}},"line":229}},"branchMap":{"0":{"loc":{"start":{"line":9,"column":4},"end":{"line":13,"column":5}},"type":"if","locations":[{"start":{"line":9,"column":4},"end":{"line":13,"column":5}},{"start":{},"end":{}}],"line":9},"1":{"loc":{"start":{"line":16,"column":4},"end":{"line":20,"column":5}},"type":"if","locations":[{"start":{"line":16,"column":4},"end":{"line":20,"column":5}},{"start":{},"end":{}}],"line":16},"2":{"loc":{"start":{"line":16,"column":8},"end":{"line":16,"column":36}},"type":"binary-expr","locations":[{"start":{"line":16,"column":8},"end":{"line":16,"column":24}},{"start":{"line":16,"column":28},"end":{"line":16,"column":36}}],"line":16},"3":{"loc":{"start":{"line":23,"column":19},"end":{"line":23,"column":62}},"type":"binary-expr","locations":[{"start":{"line":23,"column":19},"end":{"line":23,"column":32}},{"start":{"line":23,"column":36},"end":{"line":23,"column":62}}],"line":23},"4":{"loc":{"start":{"line":29,"column":4},"end":{"line":33,"column":5}},"type":"if","locations":[{"start":{"line":29,"column":4},"end":{"line":33,"column":5}},{"start":{},"end":{}}],"line":29},"5":{"loc":{"start":{"line":29,"column":8},"end":{"line":29,"column":34}},"type":"binary-expr","locations":[{"start":{"line":29,"column":8},"end":{"line":29,"column":22}},{"start":{"line":29,"column":26},"end":{"line":29,"column":34}}],"line":29},"6":{"loc":{"start":{"line":56,"column":4},"end":{"line":61,"column":5}},"type":"if","locations":[{"start":{"line":56,"column":4},"end":{"line":61,"column":5}},{"start":{},"end":{}}],"line":56},"7":{"loc":{"start":{"line":76,"column":4},"end":{"line":80,"column":5}},"type":"if","locations":[{"start":{"line":76,"column":4},"end":{"line":80,"column":5}},{"start":{},"end":{}}],"line":76},"8":{"loc":{"start":{"line":83,"column":4},"end":{"line":87,"column":5}},"type":"if","locations":[{"start":{"line":83,"column":4},"end":{"line":87,"column":5}},{"start":{},"end":{}}],"line":83},"9":{"loc":{"start":{"line":83,"column":8},"end":{"line":83,"column":95}},"type":"binary-expr","locations":[{"start":{"line":83,"column":8},"end":{"line":83,"column":24}},{"start":{"line":83,"column":28},"end":{"line":83,"column":36}},{"start":{"line":83,"column":40},"end":{"line":83,"column":95}}],"line":83},"10":{"loc":{"start":{"line":95,"column":26},"end":{"line":95,"column":92}},"type":"cond-expr","locations":[{"start":{"line":95,"column":47},"end":{"line":95,"column":88}},{"start":{"line":95,"column":91},"end":{"line":95,"column":92}}],"line":95},"11":{"loc":{"start":{"line":120,"column":4},"end":{"line":124,"column":5}},"type":"if","locations":[{"start":{"line":120,"column":4},"end":{"line":124,"column":5}},{"start":{},"end":{}}],"line":120},"12":{"loc":{"start":{"line":128,"column":4},"end":{"line":132,"column":5}},"type":"if","locations":[{"start":{"line":128,"column":4},"end":{"line":132,"column":5}},{"start":{},"end":{}}],"line":128},"13":{"loc":{"start":{"line":128,"column":8},"end":{"line":128,"column":159}},"type":"binary-expr","locations":[{"start":{"line":128,"column":8},"end":{"line":128,"column":24}},{"start":{"line":128,"column":28},"end":{"line":128,"column":36}},{"start":{"line":128,"column":40},"end":{"line":128,"column":95}},{"start":{"line":128,"column":99},"end":{"line":128,"column":159}}],"line":128},"14":{"loc":{"start":{"line":152,"column":4},"end":{"line":156,"column":5}},"type":"if","locations":[{"start":{"line":152,"column":4},"end":{"line":156,"column":5}},{"start":{},"end":{}}],"line":152},"15":{"loc":{"start":{"line":159,"column":4},"end":{"line":163,"column":5}},"type":"if","locations":[{"start":{"line":159,"column":4},"end":{"line":163,"column":5}},{"start":{},"end":{}}],"line":159},"16":{"loc":{"start":{"line":159,"column":8},"end":{"line":159,"column":76}},"type":"binary-expr","locations":[{"start":{"line":159,"column":8},"end":{"line":159,"column":16}},{"start":{"line":159,"column":20},"end":{"line":159,"column":76}}],"line":159},"17":{"loc":{"start":{"line":180,"column":4},"end":{"line":185,"column":5}},"type":"if","locations":[{"start":{"line":180,"column":4},"end":{"line":185,"column":5}},{"start":{},"end":{}}],"line":180},"18":{"loc":{"start":{"line":199,"column":4},"end":{"line":203,"column":5}},"type":"if","locations":[{"start":{"line":199,"column":4},"end":{"line":203,"column":5}},{"start":{},"end":{}}],"line":199},"19":{"loc":{"start":{"line":206,"column":4},"end":{"line":210,"column":5}},"type":"if","locations":[{"start":{"line":206,"column":4},"end":{"line":210,"column":5}},{"start":{},"end":{}}],"line":206},"20":{"loc":{"start":{"line":206,"column":8},"end":{"line":206,"column":76}},"type":"binary-expr","locations":[{"start":{"line":206,"column":8},"end":{"line":206,"column":16}},{"start":{"line":206,"column":20},"end":{"line":206,"column":76}}],"line":206},"21":{"loc":{"start":{"line":232,"column":19},"end":{"line":232,"column":62}},"type":"binary-expr","locations":[{"start":{"line":232,"column":19},"end":{"line":232,"column":32}},{"start":{"line":232,"column":36},"end":{"line":232,"column":62}}],"line":232}},"s":{"0":1,"1":1,"2":0,"3":0,"4":0,"5":0,"6":0,"7":0,"8":0,"9":0,"10":0,"11":0,"12":0,"13":0,"14":0,"15":0,"16":0,"17":0,"18":0,"19":0,"20":0,"21":0,"22":1,"23":9,"24":9,"25":7,"26":1,"27":6,"28":0,"29":6,"30":6,"31":8,"32":6,"33":6,"34":2,"35":2,"36":1,"37":7,"38":7,"39":5,"40":1,"41":4,"42":4,"43":0,"44":4,"45":2,"46":2,"47":1,"48":0,"49":0,"50":0,"51":0,"52":0,"53":0,"54":0,"55":0,"56":0,"57":0,"58":0,"59":0,"60":0,"61":1,"62":0,"63":0,"64":0,"65":0,"66":0,"67":0,"68":0,"69":0,"70":0,"71":0,"72":1,"73":8,"74":8,"75":8,"76":7,"77":1,"78":1,"79":1},"f":{"0":0,"1":0,"2":9,"3":8,"4":7,"5":0,"6":0,"7":0,"8":8},"b":{"0":[0,0],"1":[0,0],"2":[0,0],"3":[0,0],"4":[0,0],"5":[0,0],"6":[0,0],"7":[1,6],"8":[0,6],"9":[6,1,0],"10":[4,2],"11":[1,4],"12":[0,4],"13":[4,0,0,0],"14":[0,0],"15":[0,0],"16":[0,0],"17":[0,0],"18":[0,0],"19":[0,0],"20":[0,0],"21":[8,1]},"_coverageSchema":"1a1c01bbd47fc00a2c39e90264f33305004495a9","hash":"ee90592f2301d3114d79f26ffe4c722d79591799"}
,"/Users/kehindeomotoso/BYU Idaho/CSE341/digital-recipe-box/controllers/userController.js": {"path":"/Users/kehindeomotoso/BYU Idaho/CSE341/digital-recipe-box/controllers/userController.js","statementMap":{"0":{"start":{"line":1,"column":11},"end":{"line":1,"column":31}},"1":{"start":{"line":2,"column":13},"end":{"line":2,"column":21}},"2":{"start":{"line":3,"column":15},"end":{"line":3,"column":25}},"3":{"start":{"line":8,"column":23},"end":{"line":40,"column":1}},"4":{"start":{"line":9,"column":2},"end":{"line":39,"column":3}},"5":{"start":{"line":10,"column":4},"end":{"line":14,"column":5}},"6":{"start":{"line":11,"column":6},"end":{"line":13,"column":9}},"7":{"start":{"line":17,"column":17},"end":{"line":27,"column":5}},"8":{"start":{"line":29,"column":4},"end":{"line":32,"column":7}},"9":{"start":{"line":34,"column":4},"end":{"line":34,"column":57}},"10":{"start":{"line":35,"column":4},"end":{"line":38,"column":7}},"11":{"start":{"line":45,"column":23},"end":{"line":81,"column":1}},"12":{"start":{"line":46,"column":2},"end":{"line":80,"column":3}},"13":{"start":{"line":47,"column":19},"end":{"line":47,"column":29}},"14":{"start":{"line":50,"column":17},"end":{"line":50,"column":40}},"15":{"start":{"line":51,"column":4},"end":{"line":55,"column":5}},"16":{"start":{"line":52,"column":6},"end":{"line":54,"column":9}},"17":{"start":{"line":58,"column":20},"end":{"line":63,"column":28}},"18":{"start":{"line":65,"column":4},"end":{"line":73,"column":7}},"19":{"start":{"line":75,"column":4},"end":{"line":75,"column":57}},"20":{"start":{"line":76,"column":4},"end":{"line":79,"column":7}},"21":{"start":{"line":83,"column":26},"end":{"line":123,"column":1}},"22":{"start":{"line":84,"column":2},"end":{"line":122,"column":3}},"23":{"start":{"line":85,"column":19},"end":{"line":85,"column":29}},"24":{"start":{"line":86,"column":71},"end":{"line":86,"column":79}},"25":{"start":{"line":89,"column":4},"end":{"line":93,"column":5}},"26":{"start":{"line":90,"column":6},"end":{"line":92,"column":9}},"27":{"start":{"line":95,"column":18},"end":{"line":95,"column":41}},"28":{"start":{"line":96,"column":4},"end":{"line":115,"column":5}},"29":{"start":{"line":97,"column":6},"end":{"line":99,"column":9}},"30":{"start":{"line":102,"column":6},"end":{"line":102,"column":57}},"31":{"start":{"line":103,"column":6},"end":{"line":103,"column":51}},"32":{"start":{"line":104,"column":6},"end":{"line":104,"column":48}},"33":{"start":{"line":105,"column":6},"end":{"line":105,"column":39}},"34":{"start":{"line":106,"column":6},"end":{"line":106,"column":69}},"35":{"start":{"line":109,"column":6},"end":{"line":109,"column":24}},"36":{"start":{"line":111,"column":6},"end":{"line":114,"column":9}},"37":{"start":{"line":117,"column":4},"end":{"line":117,"column":57}},"38":{"start":{"line":118,"column":4},"end":{"line":121,"column":7}},"39":{"start":{"line":125,"column":26},"end":{"line":157,"column":1}},"40":{"start":{"line":126,"column":2},"end":{"line":156,"column":3}},"41":{"start":{"line":127,"column":19},"end":{"line":127,"column":29}},"42":{"start":{"line":130,"column":4},"end":{"line":134,"column":5}},"43":{"start":{"line":131,"column":6},"end":{"line":133,"column":9}},"44":{"start":{"line":137,"column":17},"end":{"line":137,"column":40}},"45":{"start":{"line":138,"column":4},"end":{"line":142,"column":5}},"46":{"start":{"line":139,"column":6},"end":{"line":141,"column":9}},"47":{"start":{"line":145,"column":4},"end":{"line":145,"column":37}},"48":{"start":{"line":147,"column":4},"end":{"line":149,"column":7}},"49":{"start":{"line":151,"column":4},"end":{"line":151,"column":57}},"50":{"start":{"line":152,"column":4},"end":{"line":155,"column":7}},"51":{"start":{"line":159,"column":0},"end":{"line":164,"column":2}}},"fnMap":{"0":{"name":"(anonymous_0)","decl":{"start":{"line":8,"column":23},"end":{"line":8,"column":24}},"loc":{"start":{"line":8,"column":43},"end":{"line":40,"column":1}},"line":8},"1":{"name":"(anonymous_1)","decl":{"start":{"line":45,"column":23},"end":{"line":45,"column":24}},"loc":{"start":{"line":45,"column":43},"end":{"line":81,"column":1}},"line":45},"2":{"name":"(anonymous_2)","decl":{"start":{"line":83,"column":26},"end":{"line":83,"column":27}},"loc":{"start":{"line":83,"column":46},"end":{"line":123,"column":1}},"line":83},"3":{"name":"(anonymous_3)","decl":{"start":{"line":125,"column":26},"end":{"line":125,"column":27}},"loc":{"start":{"line":125,"column":46},"end":{"line":157,"column":1}},"line":125}},"branchMap":{"0":{"loc":{"start":{"line":10,"column":4},"end":{"line":14,"column":5}},"type":"if","locations":[{"start":{"line":10,"column":4},"end":{"line":14,"column":5}},{"start":{},"end":{}}],"line":10},"1":{"loc":{"start":{"line":51,"column":4},"end":{"line":55,"column":5}},"type":"if","locations":[{"start":{"line":51,"column":4},"end":{"line":55,"column":5}},{"start":{},"end":{}}],"line":51},"2":{"loc":{"start":{"line":89,"column":4},"end":{"line":93,"column":5}},"type":"if","locations":[{"start":{"line":89,"column":4},"end":{"line":93,"column":5}},{"start":{},"end":{}}],"line":89},"3":{"loc":{"start":{"line":89,"column":8},"end":{"line":89,"column":38}},"type":"binary-expr","locations":[{"start":{"line":89,"column":8},"end":{"line":89,"column":11}},{"start":{"line":89,"column":15},"end":{"line":89,"column":38}}],"line":89},"4":{"loc":{"start":{"line":96,"column":4},"end":{"line":115,"column":5}},"type":"if","locations":[{"start":{"line":96,"column":4},"end":{"line":115,"column":5}},{"start":{"line":100,"column":11},"end":{"line":115,"column":5}}],"line":96},"5":{"loc":{"start":{"line":102,"column":25},"end":{"line":102,"column":56}},"type":"binary-expr","locations":[{"start":{"line":102,"column":25},"end":{"line":102,"column":36}},{"start":{"line":102,"column":40},"end":{"line":102,"column":56}}],"line":102},"6":{"loc":{"start":{"line":103,"column":23},"end":{"line":103,"column":50}},"type":"binary-expr","locations":[{"start":{"line":103,"column":23},"end":{"line":103,"column":32}},{"start":{"line":103,"column":36},"end":{"line":103,"column":50}}],"line":103},"7":{"loc":{"start":{"line":104,"column":22},"end":{"line":104,"column":47}},"type":"binary-expr","locations":[{"start":{"line":104,"column":22},"end":{"line":104,"column":30}},{"start":{"line":104,"column":34},"end":{"line":104,"column":47}}],"line":104},"8":{"loc":{"start":{"line":105,"column":19},"end":{"line":105,"column":38}},"type":"binary-expr","locations":[{"start":{"line":105,"column":19},"end":{"line":105,"column":24}},{"start":{"line":105,"column":28},"end":{"line":105,"column":38}}],"line":105},"9":{"loc":{"start":{"line":106,"column":29},"end":{"line":106,"column":68}},"type":"binary-expr","locations":[{"start":{"line":106,"column":29},"end":{"line":106,"column":44}},{"start":{"line":106,"column":48},"end":{"line":106,"column":68}}],"line":106},"10":{"loc":{"start":{"line":130,"column":4},"end":{"line":134,"column":5}},"type":"if","locations":[{"start":{"line":130,"column":4},"end":{"line":134,"column":5}},{"start":{},"end":{}}],"line":130},"11":{"loc":{"start":{"line":130,"column":8},"end":{"line":130,"column":38}},"type":"binary-expr","locations":[{"start":{"line":130,"column":8},"end":{"line":130,"column":11}},{"start":{"line":130,"column":15},"end":{"line":130,"column":38}}],"line":130},"12":{"loc":{"start":{"line":138,"column":4},"end":{"line":142,"column":5}},"type":"if","locations":[{"start":{"line":138,"column":4},"end":{"line":142,"column":5}},{"start":{},"end":{}}],"line":138}},"s":{"0":1,"1":1,"2":1,"3":1,"4":4,"5":4,"6":1,"7":3,"8":2,"9":1,"10":1,"11":1,"12":11,"13":11,"14":11,"15":9,"16":1,"17":8,"18":7,"19":3,"20":3,"21":1,"22":0,"23":0,"24":0,"25":0,"26":0,"27":0,"28":0,"29":0,"30":0,"31":0,"32":0,"33":0,"34":0,"35":0,"36":0,"37":0,"38":0,"39":1,"40":0,"41":0,"42":0,"43":0,"44":0,"45":0,"46":0,"47":0,"48":0,"49":0,"50":0,"51":1},"f":{"0":4,"1":11,"2":0,"3":0},"b":{"0":[1,3],"1":[1,8],"2":[0,0],"3":[0,0],"4":[0,0],"5":[0,0],"6":[0,0],"7":[0,0],"8":[0,0],"9":[0,0],"10":[0,0],"11":[0,0],"12":[0,0]},"_coverageSchema":"1a1c01bbd47fc00a2c39e90264f33305004495a9","hash":"b41ae605e7795e8c3ebbce24a1e35fe08bde685d"}
,"/Users/kehindeomotoso/BYU Idaho/CSE341/digital-recipe-box/models/cookbook.js": {"path":"/Users/kehindeomotoso/BYU Idaho/CSE341/digital-recipe-box/models/cookbook.js","statementMap":{"0":{"start":{"line":1,"column":0},"end":{"line":16,"column":2}},"1":{"start":{"line":2,"column":19},"end":{"line":13,"column":3}},"2":{"start":{"line":15,"column":2},"end":{"line":15,"column":18}}},"fnMap":{"0":{"name":"(anonymous_0)","decl":{"start":{"line":1,"column":17},"end":{"line":1,"column":18}},"loc":{"start":{"line":1,"column":31},"end":{"line":16,"column":1}},"line":1}},"branchMap":{},"s":{"0":4,"1":4,"2":4},"f":{"0":4},"b":{},"_coverageSchema":"1a1c01bbd47fc00a2c39e90264f33305004495a9","hash":"5fcb3fb63647f31898578078660a7aab50f85179"}
,"/Users/kehindeomotoso/BYU Idaho/CSE341/digital-recipe-box/models/index.js": {"path":"/Users/kehindeomotoso/BYU Idaho/CSE341/digital-recipe-box/models/index.js","statementMap":{"0":{"start":{"line":1,"column":17},"end":{"line":1,"column":36}},"1":{"start":{"line":3,"column":17},"end":{"line":3,"column":43}},"2":{"start":{"line":4,"column":15},"end":{"line":4,"column":37}},"3":{"start":{"line":5,"column":17},"end":{"line":5,"column":41}},"4":{"start":{"line":6,"column":15},"end":{"line":6,"column":37}},"5":{"start":{"line":7,"column":13},"end":{"line":7,"column":33}},"6":{"start":{"line":9,"column":0},"end":{"line":9,"column":34}},"7":{"start":{"line":11,"column":11},"end":{"line":18,"column":1}},"8":{"start":{"line":20,"column":0},"end":{"line":20,"column":20}}},"fnMap":{},"branchMap":{},"s":{"0":4,"1":4,"2":4,"3":4,"4":4,"5":4,"6":4,"7":4,"8":4},"f":{},"b":{},"_coverageSchema":"1a1c01bbd47fc00a2c39e90264f33305004495a9","hash":"b9057f6fbc1f7c1bf0af2e8bf6bd46299fc017ec"}
,"/Users/kehindeomotoso/BYU Idaho/CSE341/digital-recipe-box/models/recipe.js": {"path":"/Users/kehindeomotoso/BYU Idaho/CSE341/digital-recipe-box/models/recipe.js","statementMap":{"0":{"start":{"line":1,"column":0},"end":{"line":22,"column":2}},"1":{"start":{"line":2,"column":17},"end":{"line":19,"column":3}},"2":{"start":{"line":21,"column":2},"end":{"line":21,"column":16}}},"fnMap":{"0":{"name":"(anonymous_0)","decl":{"start":{"line":1,"column":17},"end":{"line":1,"column":18}},"loc":{"start":{"line":1,"column":31},"end":{"line":22,"column":1}},"line":1}},"branchMap":{},"s":{"0":4,"1":4,"2":4},"f":{"0":4},"b":{},"_coverageSchema":"1a1c01bbd47fc00a2c39e90264f33305004495a9","hash":"7121495662b5562cae23f17b3415137425368350"}
,"/Users/kehindeomotoso/BYU Idaho/CSE341/digital-recipe-box/models/review.js": {"path":"/Users/kehindeomotoso/BYU Idaho/CSE341/digital-recipe-box/models/review.js","statementMap":{"0":{"start":{"line":1,"column":0},"end":{"line":15,"column":2}},"1":{"start":{"line":2,"column":19},"end":{"line":12,"column":5}},"2":{"start":{"line":14,"column":4},"end":{"line":14,"column":18}}},"fnMap":{"0":{"name":"(anonymous_0)","decl":{"start":{"line":1,"column":17},"end":{"line":1,"column":18}},"loc":{"start":{"line":1,"column":31},"end":{"line":15,"column":1}},"line":1}},"branchMap":{},"s":{"0":4,"1":4,"2":4},"f":{"0":4},"b":{},"_coverageSchema":"1a1c01bbd47fc00a2c39e90264f33305004495a9","hash":"af81e198d961d018e05e3e11958692cf338f4001"}
,"/Users/kehindeomotoso/BYU Idaho/CSE341/digital-recipe-box/models/user.js": {"path":"/Users/kehindeomotoso/BYU Idaho/CSE341/digital-recipe-box/models/user.js","statementMap":{"0":{"start":{"line":1,"column":0},"end":{"line":18,"column":1}},"1":{"start":{"line":2,"column":17},"end":{"line":15,"column":5}},"2":{"start":{"line":17,"column":4},"end":{"line":17,"column":16}}},"fnMap":{"0":{"name":"(anonymous_0)","decl":{"start":{"line":1,"column":17},"end":{"line":1,"column":18}},"loc":{"start":{"line":1,"column":30},"end":{"line":18,"column":1}},"line":1}},"branchMap":{},"s":{"0":4,"1":4,"2":4},"f":{"0":4},"b":{},"_coverageSchema":"1a1c01bbd47fc00a2c39e90264f33305004495a9","hash":"137a0d0e0233e32c38672cb105802b495837494e"}
,"/Users/kehindeomotoso/BYU Idaho/CSE341/digital-recipe-box/routes/auth.js": {"path":"/Users/kehindeomotoso/BYU Idaho/CSE341/digital-recipe-box/routes/auth.js","statementMap":{"0":{"start":{"line":1,"column":15},"end":{"line":1,"column":42}},"1":{"start":{"line":2,"column":17},"end":{"line":2,"column":36}},"2":{"start":{"line":3,"column":28},"end":{"line":3,"column":57}},"3":{"start":{"line":6,"column":32},"end":{"line":8,"column":1}},"4":{"start":{"line":7,"column":2},"end":{"line":7,"column":78}},"5":{"start":{"line":10,"column":0},"end":{"line":22,"column":3}},"6":{"start":{"line":14,"column":2},"end":{"line":20,"column":3}},"7":{"start":{"line":15,"column":4},"end":{"line":19,"column":7}},"8":{"start":{"line":21,"column":2},"end":{"line":21,"column":83}},"9":{"start":{"line":35,"column":0},"end":{"line":49,"column":3}},"10":{"start":{"line":39,"column":2},"end":{"line":44,"column":3}},"11":{"start":{"line":40,"column":4},"end":{"line":43,"column":7}},"12":{"start":{"line":45,"column":2},"end":{"line":48,"column":21}},"13":{"start":{"line":58,"column":0},"end":{"line":82,"column":3}},"14":{"start":{"line":62,"column":2},"end":{"line":81,"column":3}},"15":{"start":{"line":63,"column":4},"end":{"line":75,"column":7}},"16":{"start":{"line":77,"column":4},"end":{"line":80,"column":7}},"17":{"start":{"line":99,"column":0},"end":{"line":108,"column":3}},"18":{"start":{"line":103,"column":2},"end":{"line":107,"column":5}},"19":{"start":{"line":121,"column":0},"end":{"line":146,"column":3}},"20":{"start":{"line":125,"column":2},"end":{"line":145,"column":3}},"21":{"start":{"line":126,"column":21},"end":{"line":126,"column":41}},"22":{"start":{"line":127,"column":4},"end":{"line":139,"column":7}},"23":{"start":{"line":128,"column":6},"end":{"line":134,"column":7}},"24":{"start":{"line":129,"column":8},"end":{"line":133,"column":11}},"25":{"start":{"line":135,"column":6},"end":{"line":138,"column":9}},"26":{"start":{"line":141,"column":4},"end":{"line":144,"column":7}},"27":{"start":{"line":166,"column":0},"end":{"line":192,"column":3}},"28":{"start":{"line":170,"column":26},"end":{"line":170,"column":51}},"29":{"start":{"line":172,"column":2},"end":{"line":191,"column":3}},"30":{"start":{"line":173,"column":4},"end":{"line":182,"column":7}},"31":{"start":{"line":184,"column":4},"end":{"line":190,"column":7}},"32":{"start":{"line":208,"column":0},"end":{"line":208,"column":24}}},"fnMap":{"0":{"name":"(anonymous_0)","decl":{"start":{"line":6,"column":32},"end":{"line":6,"column":33}},"loc":{"start":{"line":6,"column":38},"end":{"line":8,"column":1}},"line":6},"1":{"name":"(anonymous_1)","decl":{"start":{"line":10,"column":39},"end":{"line":10,"column":40}},"loc":{"start":{"line":10,"column":59},"end":{"line":22,"column":1}},"line":10},"2":{"name":"(anonymous_2)","decl":{"start":{"line":35,"column":31},"end":{"line":35,"column":32}},"loc":{"start":{"line":35,"column":51},"end":{"line":49,"column":1}},"line":35},"3":{"name":"(anonymous_3)","decl":{"start":{"line":58,"column":29},"end":{"line":58,"column":30}},"loc":{"start":{"line":58,"column":43},"end":{"line":82,"column":1}},"line":58},"4":{"name":"(anonymous_4)","decl":{"start":{"line":99,"column":28},"end":{"line":99,"column":29}},"loc":{"start":{"line":99,"column":42},"end":{"line":108,"column":1}},"line":99},"5":{"name":"(anonymous_5)","decl":{"start":{"line":121,"column":22},"end":{"line":121,"column":23}},"loc":{"start":{"line":121,"column":36},"end":{"line":146,"column":1}},"line":121},"6":{"name":"(anonymous_6)","decl":{"start":{"line":127,"column":15},"end":{"line":127,"column":16}},"loc":{"start":{"line":127,"column":24},"end":{"line":139,"column":5}},"line":127},"7":{"name":"(anonymous_7)","decl":{"start":{"line":166,"column":22},"end":{"line":166,"column":23}},"loc":{"start":{"line":166,"column":36},"end":{"line":192,"column":1}},"line":166}},"branchMap":{"0":{"loc":{"start":{"line":7,"column":12},"end":{"line":7,"column":76}},"type":"binary-expr","locations":[{"start":{"line":7,"column":12},"end":{"line":7,"column":40}},{"start":{"line":7,"column":44},"end":{"line":7,"column":76}}],"line":7},"1":{"loc":{"start":{"line":14,"column":2},"end":{"line":20,"column":3}},"type":"if","locations":[{"start":{"line":14,"column":2},"end":{"line":20,"column":3}},{"start":{},"end":{}}],"line":14},"2":{"loc":{"start":{"line":39,"column":2},"end":{"line":44,"column":3}},"type":"if","locations":[{"start":{"line":39,"column":2},"end":{"line":44,"column":3}},{"start":{},"end":{}}],"line":39},"3":{"loc":{"start":{"line":62,"column":2},"end":{"line":81,"column":3}},"type":"if","locations":[{"start":{"line":62,"column":2},"end":{"line":81,"column":3}},{"start":{"line":76,"column":9},"end":{"line":81,"column":3}}],"line":62},"4":{"loc":{"start":{"line":125,"column":2},"end":{"line":145,"column":3}},"type":"if","locations":[{"start":{"line":125,"column":2},"end":{"line":145,"column":3}},{"start":{"line":140,"column":9},"end":{"line":145,"column":3}}],"line":125},"5":{"loc":{"start":{"line":128,"column":6},"end":{"line":134,"column":7}},"type":"if","locations":[{"start":{"line":128,"column":6},"end":{"line":134,"column":7}},{"start":{},"end":{}}],"line":128},"6":{"loc":{"start":{"line":172,"column":2},"end":{"line":191,"column":3}},"type":"if","locations":[{"start":{"line":172,"column":2},"end":{"line":191,"column":3}},{"start":{"line":183,"column":9},"end":{"line":191,"column":3}}],"line":172},"7":{"loc":{"start":{"line":187,"column":16},"end":{"line":187,"column":80}},"type":"cond-expr","locations":[{"start":{"line":187,"column":34},"end":{"line":187,"column":48}},{"start":{"line":187,"column":51},"end":{"line":187,"column":80}}],"line":187},"8":{"loc":{"start":{"line":189,"column":16},"end":{"line":189,"column":90}},"type":"cond-expr","locations":[{"start":{"line":189,"column":35},"end":{"line":189,"column":78}},{"start":{"line":189,"column":81},"end":{"line":189,"column":90}}],"line":189}},"s":{"0":0,"1":0,"2":0,"3":0,"4":0,"5":0,"6":0,"7":0,"8":0,"9":0,"10":0,"11":0,"12":0,"13":0,"14":0,"15":0,"16":0,"17":0,"18":0,"19":0,"20":0,"21":0,"22":0,"23":0,"24":0,"25":0,"26":0,"27":0,"28":0,"29":0,"30":0,"31":0,"32":0},"f":{"0":0,"1":0,"2":0,"3":0,"4":0,"5":0,"6":0,"7":0},"b":{"0":[0,0],"1":[0,0],"2":[0,0],"3":[0,0],"4":[0,0],"5":[0,0],"6":[0,0],"7":[0,0],"8":[0,0]}}
,"/Users/kehindeomotoso/BYU Idaho/CSE341/digital-recipe-box/routes/cookbook.js": {"path":"/Users/kehindeomotoso/BYU Idaho/CSE341/digital-recipe-box/routes/cookbook.js","statementMap":{"0":{"start":{"line":1,"column":15},"end":{"line":1,"column":42}},"1":{"start":{"line":2,"column":27},"end":{"line":2,"column":71}},"2":{"start":{"line":3,"column":29},"end":{"line":3,"column":58}},"3":{"start":{"line":4,"column":47},"end":{"line":4,"column":82}},"4":{"start":{"line":10,"column":0},"end":{"line":10,"column":71}},"5":{"start":{"line":34,"column":0},"end":{"line":34,"column":73}},"6":{"start":{"line":63,"column":0},"end":{"line":63,"column":88}},"7":{"start":{"line":89,"column":0},"end":{"line":89,"column":108}},"8":{"start":{"line":122,"column":0},"end":{"line":122,"column":93}},"9":{"start":{"line":146,"column":0},"end":{"line":146,"column":24}}},"fnMap":{},"branchMap":{},"s":{"0":0,"1":0,"2":0,"3":0,"4":0,"5":0,"6":0,"7":0,"8":0,"9":0},"f":{},"b":{}}
,"/Users/kehindeomotoso/BYU Idaho/CSE341/digital-recipe-box/routes/index.js": {"path":"/Users/kehindeomotoso/BYU Idaho/CSE341/digital-recipe-box/routes/index.js","statementMap":{"0":{"start":{"line":1,"column":15},"end":{"line":1,"column":42}},"1":{"start":{"line":3,"column":0},"end":{"line":15,"column":2}},"2":{"start":{"line":14,"column":4},"end":{"line":14,"column":49}},"3":{"start":{"line":18,"column":0},"end":{"line":18,"column":39}},"4":{"start":{"line":19,"column":0},"end":{"line":19,"column":40}},"5":{"start":{"line":20,"column":0},"end":{"line":20,"column":44}},"6":{"start":{"line":21,"column":0},"end":{"line":21,"column":48}},"7":{"start":{"line":22,"column":0},"end":{"line":22,"column":44}},"8":{"start":{"line":24,"column":0},"end":{"line":24,"column":23}}},"fnMap":{"0":{"name":"(anonymous_0)","decl":{"start":{"line":3,"column":16},"end":{"line":3,"column":17}},"loc":{"start":{"line":3,"column":30},"end":{"line":15,"column":1}},"line":3}},"branchMap":{},"s":{"0":0,"1":0,"2":0,"3":0,"4":0,"5":0,"6":0,"7":0,"8":0},"f":{"0":0},"b":{}}
,"/Users/kehindeomotoso/BYU Idaho/CSE341/digital-recipe-box/routes/recipe.js": {"path":"/Users/kehindeomotoso/BYU Idaho/CSE341/digital-recipe-box/routes/recipe.js","statementMap":{"0":{"start":{"line":1,"column":15},"end":{"line":1,"column":42}},"1":{"start":{"line":2,"column":25},"end":{"line":2,"column":67}},"2":{"start":{"line":3,"column":29},"end":{"line":3,"column":58}},"3":{"start":{"line":4,"column":45},"end":{"line":4,"column":80}},"4":{"start":{"line":6,"column":0},"end":{"line":11,"column":3}},"5":{"start":{"line":10,"column":2},"end":{"line":10,"column":52}},"6":{"start":{"line":31,"column":0},"end":{"line":40,"column":3}},"7":{"start":{"line":36,"column":2},"end":{"line":39,"column":5}},"8":{"start":{"line":37,"column":4},"end":{"line":37,"column":30}},"9":{"start":{"line":37,"column":13},"end":{"line":37,"column":30}},"10":{"start":{"line":38,"column":4},"end":{"line":38,"column":52}},"11":{"start":{"line":64,"column":0},"end":{"line":64,"column":69}},"12":{"start":{"line":89,"column":0},"end":{"line":89,"column":82}},"13":{"start":{"line":115,"column":0},"end":{"line":115,"column":102}},"14":{"start":{"line":148,"column":0},"end":{"line":148,"column":89}},"15":{"start":{"line":172,"column":0},"end":{"line":172,"column":24}}},"fnMap":{"0":{"name":"(anonymous_0)","decl":{"start":{"line":6,"column":16},"end":{"line":6,"column":17}},"loc":{"start":{"line":6,"column":36},"end":{"line":11,"column":1}},"line":6},"1":{"name":"(anonymous_1)","decl":{"start":{"line":31,"column":20},"end":{"line":31,"column":21}},"loc":{"start":{"line":31,"column":40},"end":{"line":40,"column":1}},"line":31},"2":{"name":"(anonymous_2)","decl":{"start":{"line":36,"column":29},"end":{"line":36,"column":30}},"loc":{"start":{"line":36,"column":38},"end":{"line":39,"column":3}},"line":36}},"branchMap":{"0":{"loc":{"start":{"line":37,"column":4},"end":{"line":37,"column":30}},"type":"if","locations":[{"start":{"line":37,"column":4},"end":{"line":37,"column":30}},{"start":{},"end":{}}],"line":37}},"s":{"0":0,"1":0,"2":0,"3":0,"4":0,"5":0,"6":0,"7":0,"8":0,"9":0,"10":0,"11":0,"12":0,"13":0,"14":0,"15":0},"f":{"0":0,"1":0,"2":0},"b":{"0":[0,0]}}
,"/Users/kehindeomotoso/BYU Idaho/CSE341/digital-recipe-box/routes/review.js": {"path":"/Users/kehindeomotoso/BYU Idaho/CSE341/digital-recipe-box/routes/review.js","statementMap":{"0":{"start":{"line":1,"column":15},"end":{"line":1,"column":42}},"1":{"start":{"line":2,"column":25},"end":{"line":2,"column":67}},"2":{"start":{"line":3,"column":29},"end":{"line":3,"column":58}},"3":{"start":{"line":4,"column":63},"end":{"line":4,"column":98}},"4":{"start":{"line":10,"column":0},"end":{"line":10,"column":89}},"5":{"start":{"line":40,"column":0},"end":{"line":40,"column":71}},"6":{"start":{"line":64,"column":0},"end":{"line":64,"column":69}},"7":{"start":{"line":90,"column":0},"end":{"line":90,"column":116}},"8":{"start":{"line":128,"column":0},"end":{"line":128,"column":102}},"9":{"start":{"line":161,"column":0},"end":{"line":161,"column":89}},"10":{"start":{"line":185,"column":0},"end":{"line":185,"column":24}}},"fnMap":{},"branchMap":{},"s":{"0":0,"1":0,"2":0,"3":0,"4":0,"5":0,"6":0,"7":0,"8":0,"9":0,"10":0},"f":{},"b":{}}
,"/Users/kehindeomotoso/BYU Idaho/CSE341/digital-recipe-box/routes/user.js": {"path":"/Users/kehindeomotoso/BYU Idaho/CSE341/digital-recipe-box/routes/user.js","statementMap":{"0":{"start":{"line":1,"column":15},"end":{"line":1,"column":42}},"1":{"start":{"line":2,"column":23},"end":{"line":2,"column":63}},"2":{"start":{"line":3,"column":29},"end":{"line":3,"column":58}},"3":{"start":{"line":4,"column":29},"end":{"line":4,"column":64}},"4":{"start":{"line":6,"column":0},"end":{"line":15,"column":3}},"5":{"start":{"line":11,"column":2},"end":{"line":14,"column":5}},"6":{"start":{"line":12,"column":4},"end":{"line":12,"column":30}},"7":{"start":{"line":12,"column":13},"end":{"line":12,"column":30}},"8":{"start":{"line":13,"column":4},"end":{"line":13,"column":50}},"9":{"start":{"line":35,"column":0},"end":{"line":44,"column":3}},"10":{"start":{"line":40,"column":2},"end":{"line":43,"column":5}},"11":{"start":{"line":41,"column":4},"end":{"line":41,"column":30}},"12":{"start":{"line":41,"column":13},"end":{"line":41,"column":30}},"13":{"start":{"line":42,"column":4},"end":{"line":42,"column":50}},"14":{"start":{"line":75,"column":0},"end":{"line":89,"column":3}},"15":{"start":{"line":82,"column":2},"end":{"line":88,"column":5}},"16":{"start":{"line":83,"column":4},"end":{"line":83,"column":30}},"17":{"start":{"line":83,"column":13},"end":{"line":83,"column":30}},"18":{"start":{"line":84,"column":4},"end":{"line":87,"column":7}},"19":{"start":{"line":85,"column":6},"end":{"line":85,"column":34}},"20":{"start":{"line":85,"column":16},"end":{"line":85,"column":34}},"21":{"start":{"line":86,"column":6},"end":{"line":86,"column":55}},"22":{"start":{"line":113,"column":0},"end":{"line":126,"column":3}},"23":{"start":{"line":119,"column":2},"end":{"line":125,"column":5}},"24":{"start":{"line":120,"column":4},"end":{"line":120,"column":30}},"25":{"start":{"line":120,"column":13},"end":{"line":120,"column":30}},"26":{"start":{"line":121,"column":4},"end":{"line":124,"column":7}},"27":{"start":{"line":122,"column":6},"end":{"line":122,"column":34}},"28":{"start":{"line":122,"column":16},"end":{"line":122,"column":34}},"29":{"start":{"line":123,"column":6},"end":{"line":123,"column":55}},"30":{"start":{"line":149,"column":0},"end":{"line":149,"column":24}}},"fnMap":{"0":{"name":"(anonymous_0)","decl":{"start":{"line":6,"column":18},"end":{"line":6,"column":19}},"loc":{"start":{"line":6,"column":38},"end":{"line":15,"column":1}},"line":6},"1":{"name":"(anonymous_1)","decl":{"start":{"line":11,"column":29},"end":{"line":11,"column":30}},"loc":{"start":{"line":11,"column":38},"end":{"line":14,"column":3}},"line":11},"2":{"name":"(anonymous_2)","decl":{"start":{"line":35,"column":27},"end":{"line":35,"column":28}},"loc":{"start":{"line":35,"column":47},"end":{"line":44,"column":1}},"line":35},"3":{"name":"(anonymous_3)","decl":{"start":{"line":40,"column":29},"end":{"line":40,"column":30}},"loc":{"start":{"line":40,"column":38},"end":{"line":43,"column":3}},"line":40},"4":{"name":"(anonymous_4)","decl":{"start":{"line":75,"column":19},"end":{"line":75,"column":20}},"loc":{"start":{"line":75,"column":39},"end":{"line":89,"column":1}},"line":75},"5":{"name":"(anonymous_5)","decl":{"start":{"line":82,"column":29},"end":{"line":82,"column":30}},"loc":{"start":{"line":82,"column":38},"end":{"line":88,"column":3}},"line":82},"6":{"name":"(anonymous_6)","decl":{"start":{"line":84,"column":31},"end":{"line":84,"column":32}},"loc":{"start":{"line":84,"column":41},"end":{"line":87,"column":5}},"line":84},"7":{"name":"(anonymous_7)","decl":{"start":{"line":113,"column":22},"end":{"line":113,"column":23}},"loc":{"start":{"line":113,"column":42},"end":{"line":126,"column":1}},"line":113},"8":{"name":"(anonymous_8)","decl":{"start":{"line":119,"column":29},"end":{"line":119,"column":30}},"loc":{"start":{"line":119,"column":38},"end":{"line":125,"column":3}},"line":119},"9":{"name":"(anonymous_9)","decl":{"start":{"line":121,"column":31},"end":{"line":121,"column":32}},"loc":{"start":{"line":121,"column":41},"end":{"line":124,"column":5}},"line":121}},"branchMap":{"0":{"loc":{"start":{"line":12,"column":4},"end":{"line":12,"column":30}},"type":"if","locations":[{"start":{"line":12,"column":4},"end":{"line":12,"column":30}},{"start":{},"end":{}}],"line":12},"1":{"loc":{"start":{"line":41,"column":4},"end":{"line":41,"column":30}},"type":"if","locations":[{"start":{"line":41,"column":4},"end":{"line":41,"column":30}},{"start":{},"end":{}}],"line":41},"2":{"loc":{"start":{"line":83,"column":4},"end":{"line":83,"column":30}},"type":"if","locations":[{"start":{"line":83,"column":4},"end":{"line":83,"column":30}},{"start":{},"end":{}}],"line":83},"3":{"loc":{"start":{"line":85,"column":6},"end":{"line":85,"column":34}},"type":"if","locations":[{"start":{"line":85,"column":6},"end":{"line":85,"column":34}},{"start":{},"end":{}}],"line":85},"4":{"loc":{"start":{"line":120,"column":4},"end":{"line":120,"column":30}},"type":"if","locations":[{"start":{"line":120,"column":4},"end":{"line":120,"column":30}},{"start":{},"end":{}}],"line":120},"5":{"loc":{"start":{"line":122,"column":6},"end":{"line":122,"column":34}},"type":"if","locations":[{"start":{"line":122,"column":6},"end":{"line":122,"column":34}},{"start":{},"end":{}}],"line":122}},"s":{"0":0,"1":0,"2":0,"3":0,"4":0,"5":0,"6":0,"7":0,"8":0,"9":0,"10":0,"11":0,"12":0,"13":0,"14":0,"15":0,"16":0,"17":0,"18":0,"19":0,"20":0,"21":0,"22":0,"23":0,"24":0,"25":0,"26":0,"27":0,"28":0,"29":0,"30":0},"f":{"0":0,"1":0,"2":0,"3":0,"4":0,"5":0,"6":0,"7":0,"8":0,"9":0},"b":{"0":[0,0],"1":[0,0],"2":[0,0],"3":[0,0],"4":[0,0],"5":[0,0]}}
}
