TN:
SF:controllers/cookbookController.js
FN:4,(anonymous_0)
FN:29,(anonymous_1)
FN:41,(anonymous_2)
FN:63,(anonymous_3)
FN:93,(anonymous_4)
FN:127,(anonymous_5)
FNF:6
FNH:2
FNDA:0,(anonymous_0)
FNDA:0,(anonymous_1)
FNDA:7,(anonymous_2)
FNDA:9,(anonymous_3)
FNDA:0,(anonymous_4)
FNDA:0,(anonymous_5)
DA:1,1
DA:4,1
DA:5,0
DA:6,0
DA:11,0
DA:12,0
DA:15,0
DA:19,0
DA:24,0
DA:26,0
DA:27,0
DA:29,0
DA:33,0
DA:41,1
DA:42,7
DA:43,7
DA:48,6
DA:54,1
DA:55,1
DA:63,1
DA:64,9
DA:65,9
DA:69,7
DA:70,1
DA:77,6
DA:79,6
DA:85,2
DA:86,2
DA:93,1
DA:94,0
DA:95,0
DA:96,0
DA:99,0
DA:100,0
DA:101,0
DA:104,0
DA:105,0
DA:109,0
DA:113,0
DA:118,0
DA:119,0
DA:127,1
DA:128,0
DA:129,0
DA:132,0
DA:133,0
DA:134,0
DA:137,0
DA:138,0
DA:142,0
DA:144,0
DA:148,0
DA:149,0
DA:157,1
LF:54
LH:20
BRDA:26,0,0,0
BRDA:26,0,1,0
BRDA:69,1,0,1
BRDA:69,1,1,6
BRDA:77,2,0,6
BRDA:77,2,1,6
BRDA:100,3,0,0
BRDA:100,3,1,0
BRDA:104,4,0,0
BRDA:104,4,1,0
BRDA:133,5,0,0
BRDA:133,5,1,0
BRDA:137,6,0,0
BRDA:137,6,1,0
BRF:14
BRH:4
end_of_record
TN:
SF:controllers/recipeController.js
FN:4,(anonymous_0)
FN:28,(anonymous_1)
FN:40,(anonymous_2)
FN:61,(anonymous_3)
FN:93,(anonymous_4)
FN:127,(anonymous_5)
FN:139,(anonymous_6)
FN:176,(anonymous_7)
FNF:8
FNH:3
FNDA:0,(anonymous_0)
FNDA:0,(anonymous_1)
FNDA:5,(anonymous_2)
FNDA:6,(anonymous_3)
FNDA:0,(anonymous_4)
FNDA:0,(anonymous_5)
FNDA:0,(anonymous_6)
FNDA:5,(anonymous_7)
DA:1,1
DA:4,1
DA:5,0
DA:6,0
DA:11,0
DA:12,0
DA:15,0
DA:18,0
DA:23,0
DA:25,0
DA:26,0
DA:28,0
DA:32,0
DA:40,1
DA:41,5
DA:42,5
DA:46,4
DA:52,1
DA:53,1
DA:61,1
DA:62,6
DA:63,6
DA:66,4
DA:67,1
DA:73,3
DA:74,0
DA:79,3
DA:84,2
DA:85,2
DA:93,1
DA:94,0
DA:95,0
DA:97,0
DA:98,0
DA:104,0
DA:105,0
DA:111,0
DA:117,0
DA:122,0
DA:124,0
DA:125,0
DA:127,0
DA:131,0
DA:139,1
DA:140,0
DA:141,0
DA:143,0
DA:144,0
DA:150,0
DA:151,0
DA:157,0
DA:160,0
DA:162,0
DA:167,0
DA:168,0
DA:176,1
DA:177,5
DA:179,5
DA:180,5
DA:184,4
DA:190,1
DA:191,1
DA:198,1
LF:63
LH:27
BRDA:8,0,0,0
BRDA:8,0,1,0
BRDA:25,1,0,0
BRDA:25,1,1,0
BRDA:66,2,0,1
BRDA:66,2,1,3
BRDA:73,3,0,0
BRDA:73,3,1,3
BRDA:73,4,0,3
BRDA:73,4,1,1
BRDA:73,4,2,0
BRDA:97,5,0,0
BRDA:97,5,1,0
BRDA:104,6,0,0
BRDA:104,6,1,0
BRDA:104,7,0,0
BRDA:104,7,1,0
BRDA:124,8,0,0
BRDA:124,8,1,0
BRDA:143,9,0,0
BRDA:143,9,1,0
BRDA:150,10,0,0
BRDA:150,10,1,0
BRDA:150,11,0,0
BRDA:150,11,1,0
BRDA:179,12,0,5
BRDA:179,12,1,0
BRF:27
BRH:6
end_of_record
TN:
SF:controllers/reviewController.js
FN:4,(anonymous_0)
FN:59,(anonymous_1)
FN:71,(anonymous_2)
FN:94,(anonymous_3)
FN:114,(anonymous_4)
FN:148,(anonymous_5)
FN:183,(anonymous_6)
FN:195,(anonymous_7)
FN:229,(anonymous_8)
FNF:9
FNH:4
FNDA:0,(anonymous_0)
FNDA:0,(anonymous_1)
FNDA:9,(anonymous_2)
FNDA:8,(anonymous_3)
FNDA:7,(anonymous_4)
FNDA:0,(anonymous_5)
FNDA:0,(anonymous_6)
FNDA:0,(anonymous_7)
FNDA:8,(anonymous_8)
DA:1,1
DA:4,1
DA:5,0
DA:7,0
DA:9,0
DA:10,0
DA:16,0
DA:17,0
DA:23,0
DA:24,0
DA:29,0
DA:30,0
DA:35,0
DA:41,0
DA:42,0
DA:45,0
DA:49,0
DA:54,0
DA:56,0
DA:57,0
DA:59,0
DA:63,0
DA:71,1
DA:72,9
DA:74,9
DA:76,7
DA:77,1
DA:83,6
DA:84,0
DA:89,6
DA:94,8
DA:95,6
DA:97,6
DA:105,2
DA:106,2
DA:114,1
DA:115,7
DA:116,7
DA:120,5
DA:121,1
DA:127,4
DA:128,4
DA:129,0
DA:134,4
DA:139,2
DA:140,2
DA:148,1
DA:149,0
DA:150,0
DA:152,0
DA:153,0
DA:159,0
DA:160,0
DA:166,0
DA:173,0
DA:178,0
DA:180,0
DA:181,0
DA:183,0
DA:187,0
DA:195,1
DA:196,0
DA:197,0
DA:199,0
DA:200,0
DA:206,0
DA:207,0
DA:213,0
DA:215,0
DA:220,0
DA:221,0
DA:229,1
DA:230,8
DA:232,8
DA:233,8
DA:238,7
DA:244,1
DA:245,1
DA:252,1
LF:79
LH:34
BRDA:9,0,0,0
BRDA:9,0,1,0
BRDA:16,1,0,0
BRDA:16,1,1,0
BRDA:16,2,0,0
BRDA:16,2,1,0
BRDA:23,3,0,0
BRDA:23,3,1,0
BRDA:29,4,0,0
BRDA:29,4,1,0
BRDA:29,5,0,0
BRDA:29,5,1,0
BRDA:56,6,0,0
BRDA:56,6,1,0
BRDA:76,7,0,1
BRDA:76,7,1,6
BRDA:83,8,0,0
BRDA:83,8,1,6
BRDA:83,9,0,6
BRDA:83,9,1,1
BRDA:83,9,2,0
BRDA:95,10,0,4
BRDA:95,10,1,2
BRDA:120,11,0,1
BRDA:120,11,1,4
BRDA:128,12,0,0
BRDA:128,12,1,4
BRDA:128,13,0,4
BRDA:128,13,1,0
BRDA:128,13,2,0
BRDA:128,13,3,0
BRDA:152,14,0,0
BRDA:152,14,1,0
BRDA:159,15,0,0
BRDA:159,15,1,0
BRDA:159,16,0,0
BRDA:159,16,1,0
BRDA:180,17,0,0
BRDA:180,17,1,0
BRDA:199,18,0,0
BRDA:199,18,1,0
BRDA:206,19,0,0
BRDA:206,19,1,0
BRDA:206,20,0,0
BRDA:206,20,1,0
BRDA:232,21,0,8
BRDA:232,21,1,1
BRF:47
BRH:13
end_of_record
TN:
SF:controllers/userController.js
FN:8,(anonymous_0)
FN:45,(anonymous_1)
FN:83,(anonymous_2)
FN:125,(anonymous_3)
FNF:4
FNH:2
FNDA:4,(anonymous_0)
FNDA:11,(anonymous_1)
FNDA:0,(anonymous_2)
FNDA:0,(anonymous_3)
DA:1,1
DA:2,1
DA:3,1
DA:8,1
DA:9,4
DA:10,4
DA:11,1
DA:17,3
DA:29,2
DA:34,1
DA:35,1
DA:45,1
DA:46,11
DA:47,11
DA:50,11
DA:51,9
DA:52,1
DA:58,8
DA:65,7
DA:75,3
DA:76,3
DA:83,1
DA:84,0
DA:85,0
DA:86,0
DA:89,0
DA:90,0
DA:95,0
DA:96,0
DA:97,0
DA:102,0
DA:103,0
DA:104,0
DA:105,0
DA:106,0
DA:109,0
DA:111,0
DA:117,0
DA:118,0
DA:125,1
DA:126,0
DA:127,0
DA:130,0
DA:131,0
DA:137,0
DA:138,0
DA:139,0
DA:145,0
DA:147,0
DA:151,0
DA:152,0
DA:159,1
LF:52
LH:24
BRDA:10,0,0,1
BRDA:10,0,1,3
BRDA:51,1,0,1
BRDA:51,1,1,8
BRDA:89,2,0,0
BRDA:89,2,1,0
BRDA:89,3,0,0
BRDA:89,3,1,0
BRDA:96,4,0,0
BRDA:96,4,1,0
BRDA:102,5,0,0
BRDA:102,5,1,0
BRDA:103,6,0,0
BRDA:103,6,1,0
BRDA:104,7,0,0
BRDA:104,7,1,0
BRDA:105,8,0,0
BRDA:105,8,1,0
BRDA:106,9,0,0
BRDA:106,9,1,0
BRDA:130,10,0,0
BRDA:130,10,1,0
BRDA:130,11,0,0
BRDA:130,11,1,0
BRDA:138,12,0,0
BRDA:138,12,1,0
BRF:26
BRH:4
end_of_record
TN:
SF:models/cookbook.js
FN:1,(anonymous_0)
FNF:1
FNH:1
FNDA:4,(anonymous_0)
DA:1,4
DA:2,4
DA:15,4
LF:3
LH:3
BRF:0
BRH:0
end_of_record
TN:
SF:models/index.js
FNF:0
FNH:0
DA:1,4
DA:3,4
DA:4,4
DA:5,4
DA:6,4
DA:7,4
DA:9,4
DA:11,4
DA:20,4
LF:9
LH:9
BRF:0
BRH:0
end_of_record
TN:
SF:models/recipe.js
FN:1,(anonymous_0)
FNF:1
FNH:1
FNDA:4,(anonymous_0)
DA:1,4
DA:2,4
DA:21,4
LF:3
LH:3
BRF:0
BRH:0
end_of_record
TN:
SF:models/review.js
FN:1,(anonymous_0)
FNF:1
FNH:1
FNDA:4,(anonymous_0)
DA:1,4
DA:2,4
DA:14,4
LF:3
LH:3
BRF:0
BRH:0
end_of_record
TN:
SF:models/user.js
FN:1,(anonymous_0)
FNF:1
FNH:1
FNDA:4,(anonymous_0)
DA:1,4
DA:2,4
DA:17,4
LF:3
LH:3
BRF:0
BRH:0
end_of_record
TN:
SF:routes/auth.js
FN:6,(anonymous_0)
FN:10,(anonymous_1)
FN:35,(anonymous_2)
FN:58,(anonymous_3)
FN:99,(anonymous_4)
FN:121,(anonymous_5)
FN:127,(anonymous_6)
FN:166,(anonymous_7)
FNF:8
FNH:0
FNDA:0,(anonymous_0)
FNDA:0,(anonymous_1)
FNDA:0,(anonymous_2)
FNDA:0,(anonymous_3)
FNDA:0,(anonymous_4)
FNDA:0,(anonymous_5)
FNDA:0,(anonymous_6)
FNDA:0,(anonymous_7)
DA:1,0
DA:2,0
DA:3,0
DA:6,0
DA:7,0
DA:10,0
DA:14,0
DA:15,0
DA:21,0
DA:35,0
DA:39,0
DA:40,0
DA:45,0
DA:58,0
DA:62,0
DA:63,0
DA:77,0
DA:99,0
DA:103,0
DA:121,0
DA:125,0
DA:126,0
DA:127,0
DA:128,0
DA:129,0
DA:135,0
DA:141,0
DA:166,0
DA:170,0
DA:172,0
DA:173,0
DA:184,0
DA:208,0
LF:33
LH:0
BRDA:7,0,0,0
BRDA:7,0,1,0
BRDA:14,1,0,0
BRDA:14,1,1,0
BRDA:39,2,0,0
BRDA:39,2,1,0
BRDA:62,3,0,0
BRDA:62,3,1,0
BRDA:125,4,0,0
BRDA:125,4,1,0
BRDA:128,5,0,0
BRDA:128,5,1,0
BRDA:172,6,0,0
BRDA:172,6,1,0
BRDA:187,7,0,0
BRDA:187,7,1,0
BRDA:189,8,0,0
BRDA:189,8,1,0
BRF:18
BRH:0
end_of_record
TN:
SF:routes/cookbook.js
FNF:0
FNH:0
DA:1,0
DA:2,0
DA:3,0
DA:4,0
DA:10,0
DA:34,0
DA:63,0
DA:89,0
DA:122,0
DA:146,0
LF:10
LH:0
BRF:0
BRH:0
end_of_record
TN:
SF:routes/index.js
FN:3,(anonymous_0)
FNF:1
FNH:0
FNDA:0,(anonymous_0)
DA:1,0
DA:3,0
DA:14,0
DA:18,0
DA:19,0
DA:20,0
DA:21,0
DA:22,0
DA:24,0
LF:9
LH:0
BRF:0
BRH:0
end_of_record
TN:
SF:routes/recipe.js
FN:6,(anonymous_0)
FN:31,(anonymous_1)
FN:36,(anonymous_2)
FNF:3
FNH:0
FNDA:0,(anonymous_0)
FNDA:0,(anonymous_1)
FNDA:0,(anonymous_2)
DA:1,0
DA:2,0
DA:3,0
DA:4,0
DA:6,0
DA:10,0
DA:31,0
DA:36,0
DA:37,0
DA:38,0
DA:64,0
DA:89,0
DA:115,0
DA:148,0
DA:172,0
LF:15
LH:0
BRDA:37,0,0,0
BRDA:37,0,1,0
BRF:2
BRH:0
end_of_record
TN:
SF:routes/review.js
FNF:0
FNH:0
DA:1,0
DA:2,0
DA:3,0
DA:4,0
DA:10,0
DA:40,0
DA:64,0
DA:90,0
DA:128,0
DA:161,0
DA:185,0
LF:11
LH:0
BRF:0
BRH:0
end_of_record
TN:
SF:routes/user.js
FN:6,(anonymous_0)
FN:11,(anonymous_1)
FN:35,(anonymous_2)
FN:40,(anonymous_3)
FN:75,(anonymous_4)
FN:82,(anonymous_5)
FN:84,(anonymous_6)
FN:113,(anonymous_7)
FN:119,(anonymous_8)
FN:121,(anonymous_9)
FNF:10
FNH:0
FNDA:0,(anonymous_0)
FNDA:0,(anonymous_1)
FNDA:0,(anonymous_2)
FNDA:0,(anonymous_3)
FNDA:0,(anonymous_4)
FNDA:0,(anonymous_5)
FNDA:0,(anonymous_6)
FNDA:0,(anonymous_7)
FNDA:0,(anonymous_8)
FNDA:0,(anonymous_9)
DA:1,0
DA:2,0
DA:3,0
DA:4,0
DA:6,0
DA:11,0
DA:12,0
DA:13,0
DA:35,0
DA:40,0
DA:41,0
DA:42,0
DA:75,0
DA:82,0
DA:83,0
DA:84,0
DA:85,0
DA:86,0
DA:113,0
DA:119,0
DA:120,0
DA:121,0
DA:122,0
DA:123,0
DA:149,0
LF:25
LH:0
BRDA:12,0,0,0
BRDA:12,0,1,0
BRDA:41,1,0,0
BRDA:41,1,1,0
BRDA:83,2,0,0
BRDA:83,2,1,0
BRDA:85,3,0,0
BRDA:85,3,1,0
BRDA:120,4,0,0
BRDA:120,4,1,0
BRDA:122,5,0,0
BRDA:122,5,1,0
BRF:12
BRH:0
end_of_record
